<?xml version="1.0" encoding="UTF-8"?>
<testng-results skipped="0" failed="0" total="1" passed="1">
  <reporter-output>
  </reporter-output>
  <suite name="Default suite" duration-ms="103" started-at="2018-10-13T18:21:42Z" finished-at="2018-10-13T18:21:42Z">
    <groups>
    </groups>
    <test name="Default test" duration-ms="103" started-at="2018-10-13T18:21:42Z" finished-at="2018-10-13T18:21:42Z">
      <class name="samoor.App">
        <test-method status="PASS" signature="Test()[pri:0, instance:samoor.App@18be83e4]" name="Test" duration-ms="54" started-at="2018-10-13T23:51:42Z" finished-at="2018-10-13T23:51:42Z">
          <reporter-output>
          </reporter-output>
        </test-method> <!-- Test -->
      </class> <!-- samoor.App -->
    </test> <!-- Default test -->
  </suite> <!-- Default suite -->
</testng-results>
