<?xml version="1.0" encoding="UTF-8"?>
<testng-results skipped="0" failed="0" total="2" passed="2">
  <reporter-output>
  </reporter-output>
  <suite name="Surefire suite" duration-ms="42" started-at="2018-10-19T13:09:57Z" finished-at="2018-10-19T13:09:57Z">
    <groups>
    </groups>
    <test name="Surefire test" duration-ms="42" started-at="2018-10-19T13:09:57Z" finished-at="2018-10-19T13:09:57Z">
      <class name="org.village.Samoor2.AppTest">
        <test-method status="PASS" signature="Test()[pri:0, instance:org.village.Samoor2.AppTest@79be86]" name="Test" duration-ms="15" started-at="2018-10-19T18:39:57Z" finished-at="2018-10-19T18:39:57Z">
          <reporter-output>
          </reporter-output>
        </test-method> <!-- Test -->
        <test-method status="PASS" signature="Test1()[pri:0, instance:org.village.Samoor2.AppTest@79be86]" name="Test1" duration-ms="0" started-at="2018-10-19T18:39:57Z" finished-at="2018-10-19T18:39:57Z">
          <reporter-output>
          </reporter-output>
        </test-method> <!-- Test1 -->
      </class> <!-- org.village.Samoor2.AppTest -->
    </test> <!-- Surefire test -->
  </suite> <!-- Surefire suite -->
</testng-results>
