<?xml version="1.0" encoding="UTF-8"?>
<testsuite xmlns:xsi="http://www.w3.org/2001/XMLSchema-instance" xsi:noNamespaceSchemaLocation="https://maven.apache.org/surefire/maven-surefire-plugin/xsd/surefire-test-report.xsd" name="org.village.Samoor2.AppTest" time="0.524" tests="2" errors="0" skipped="0" failures="0">
  <properties>
[...]
</properties>
  <testcase name="Test" classname="org.village.Samoor2.AppTest" time="0.018"/>
  <testcase name="Test1" classname="org.village.Samoor2.AppTest" time="0.002"/>
</testsuite>